2025-05-19 00:51:56,239 INFO:Starting trading process...
2025-05-19 00:51:56,697 INFO:Updated is_started=true for IDs: [4]
2025-05-19 00:51:56,771 INFO:Entering trade_function with row: {'id': 4, 'user_id': 2, 'strategy_id': '123qwe', 'stock_token': '99926037', 'trade_count': 2, 'quantity': 5, 'paper_trade': True, 'created_at': datetime.datetime(2025, 4, 27, 7, 59, 7, 982759), 'updated_at': datetime.datetime(2025, 4, 27, 7, 59, 7, 982764), 'is_active': True, 'is_started': False, 'deactivated_at': None, 'deactivated_by': None, 'status': 'pending'}
2025-05-19 00:51:56,771 INFO:Processing trade for user_id=2, strategy_id=123qwe, stock_token=99926037
2025-05-19 00:51:56,920 INFO:Order created with order_id=09541088-2baf-4570-b2ca-a938951519a1 for strategy_id=123qwe
2025-05-19 00:55:01,000 INFO:Entering while loop with trade_count: 2
2025-05-19 00:55:01,000 INFO:Combining historical data with live LTP for token=99926037...
2025-05-19 00:55:01,000 INFO:Fetching latest LTP for token=99926037 from database...
2025-05-19 00:55:01,072 INFO:Latest LTP fetched: {'last_update': datetime.datetime(2025, 5, 16, 14, 41, 1, 169366), 'ltp': 26464.7}
2025-05-19 00:55:01,074 INFO:Generating buy/sell signals...
2025-05-19 00:55:01,075 INFO:Buy/sell signals generated successfully.
2025-05-19 00:55:01,075 INFO:Historical and live data combined successfully. [[nan], [nan], [nan], [nan]]
2025-05-19 00:55:01,077 INFO:Entering while loop with trade_count: 2
2025-05-19 00:55:01,077 INFO:Combining historical data with live LTP for token=99926037...
2025-05-19 00:55:01,077 INFO:Fetching latest LTP for token=99926037 from database...
2025-05-19 00:55:01,149 INFO:Latest LTP fetched: {'last_update': datetime.datetime(2025, 5, 16, 14, 41, 1, 169366), 'ltp': 26464.7}
2025-05-19 00:55:01,151 INFO:Generating buy/sell signals...
2025-05-19 00:55:01,151 INFO:Buy/sell signals generated successfully.
2025-05-19 00:55:01,152 INFO:Historical and live data combined successfully. [[nan], [nan], [nan], [nan]]
2025-05-19 00:55:01,153 INFO:Entering while loop with trade_count: 2
2025-05-19 00:55:01,153 INFO:Combining historical data with live LTP for token=99926037...
2025-05-19 00:55:01,153 INFO:Fetching latest LTP for token=99926037 from database...
2025-05-19 00:55:01,226 INFO:Latest LTP fetched: {'last_update': datetime.datetime(2025, 5, 16, 14, 41, 1, 169366), 'ltp': 26464.7}
2025-05-19 00:55:01,228 INFO:Generating buy/sell signals...
2025-05-19 00:55:01,228 INFO:Buy/sell signals generated successfully.
2025-05-19 00:55:01,229 INFO:Historical and live data combined successfully. [[nan], [nan], [nan], [nan]]
2025-05-19 00:55:01,230 INFO:Entering while loop with trade_count: 2
2025-05-19 00:55:01,230 INFO:Combining historical data with live LTP for token=99926037...
2025-05-19 00:55:01,230 INFO:Fetching latest LTP for token=99926037 from database...
2025-05-19 00:55:01,301 INFO:Latest LTP fetched: {'last_update': datetime.datetime(2025, 5, 16, 14, 41, 1, 169366), 'ltp': 26464.7}
2025-05-19 00:55:01,303 INFO:Generating buy/sell signals...
2025-05-19 00:55:01,303 INFO:Buy/sell signals generated successfully.
2025-05-19 00:55:01,304 INFO:Historical and live data combined successfully. [[nan], [nan], [nan], [nan]]
2025-05-19 00:55:01,305 INFO:Entering while loop with trade_count: 2
2025-05-19 00:55:01,305 INFO:Combining historical data with live LTP for token=99926037...
2025-05-19 00:55:01,305 INFO:Fetching latest LTP for token=99926037 from database...
2025-05-19 00:55:01,374 INFO:Latest LTP fetched: {'last_update': datetime.datetime(2025, 5, 16, 14, 41, 1, 169366), 'ltp': 26464.7}
2025-05-19 00:55:01,376 INFO:Generating buy/sell signals...
2025-05-19 00:55:01,376 INFO:Buy/sell signals generated successfully.
2025-05-19 00:55:01,377 INFO:Historical and live data combined successfully. [[nan], [nan], [nan], [nan]]
2025-05-19 00:55:01,378 INFO:Entering while loop with trade_count: 2
2025-05-19 00:55:01,378 INFO:Combining historical data with live LTP for token=99926037...
2025-05-19 00:55:01,378 INFO:Fetching latest LTP for token=99926037 from database...
2025-05-19 00:55:01,452 INFO:Latest LTP fetched: {'last_update': datetime.datetime(2025, 5, 16, 14, 41, 1, 169366), 'ltp': 26464.7}
2025-05-19 00:55:01,454 INFO:Generating buy/sell signals...
2025-05-19 00:55:01,454 INFO:Buy/sell signals generated successfully.
2025-05-19 00:55:01,454 INFO:Historical and live data combined successfully. [[nan], [nan], [nan], [nan]]
2025-05-19 00:55:01,456 INFO:Entering while loop with trade_count: 2
2025-05-19 00:55:01,456 INFO:Combining historical data with live LTP for token=99926037...
2025-05-19 00:55:01,456 INFO:Fetching latest LTP for token=99926037 from database...
2025-05-19 00:55:01,528 INFO:Latest LTP fetched: {'last_update': datetime.datetime(2025, 5, 16, 14, 41, 1, 169366), 'ltp': 26464.7}
2025-05-19 00:55:01,529 INFO:Generating buy/sell signals...
2025-05-19 00:55:01,529 INFO:Buy/sell signals generated successfully.
2025-05-19 00:55:01,530 INFO:Historical and live data combined successfully. [[nan], [nan], [nan], [nan]]
2025-05-19 00:55:01,531 INFO:Entering while loop with trade_count: 2
2025-05-19 00:55:01,531 INFO:Combining historical data with live LTP for token=99926037...
2025-05-19 00:55:01,531 INFO:Fetching latest LTP for token=99926037 from database...
2025-05-19 00:55:01,601 INFO:Latest LTP fetched: {'last_update': datetime.datetime(2025, 5, 16, 14, 41, 1, 169366), 'ltp': 26464.7}
2025-05-19 00:55:01,603 INFO:Generating buy/sell signals...
2025-05-19 00:55:01,603 INFO:Buy/sell signals generated successfully.
2025-05-19 00:55:01,604 INFO:Historical and live data combined successfully. [[nan], [nan], [nan], [nan]]
2025-05-19 00:55:01,605 INFO:Entering while loop with trade_count: 2
2025-05-19 00:55:01,605 INFO:Combining historical data with live LTP for token=99926037...
2025-05-19 00:55:01,605 INFO:Fetching latest LTP for token=99926037 from database...
2025-05-19 00:55:01,674 INFO:Latest LTP fetched: {'last_update': datetime.datetime(2025, 5, 16, 14, 41, 1, 169366), 'ltp': 26464.7}
2025-05-19 00:55:01,676 INFO:Generating buy/sell signals...
2025-05-19 00:55:01,676 INFO:Buy/sell signals generated successfully.
2025-05-19 00:55:01,677 INFO:Historical and live data combined successfully. [[nan], [nan], [nan], [nan]]
2025-05-19 00:55:01,678 INFO:Entering while loop with trade_count: 2
2025-05-19 00:55:01,678 INFO:Combining historical data with live LTP for token=99926037...
2025-05-19 00:55:01,678 INFO:Fetching latest LTP for token=99926037 from database...
2025-05-19 00:55:01,750 INFO:Latest LTP fetched: {'last_update': datetime.datetime(2025, 5, 16, 14, 41, 1, 169366), 'ltp': 26464.7}
2025-05-19 00:55:01,751 INFO:Generating buy/sell signals...
2025-05-19 00:55:01,751 INFO:Buy/sell signals generated successfully.
2025-05-19 00:55:01,752 INFO:Historical and live data combined successfully. [[nan], [nan], [nan], [nan]]
2025-05-19 00:55:01,753 INFO:Entering while loop with trade_count: 2
2025-05-19 00:55:01,753 INFO:Combining historical data with live LTP for token=99926037...
2025-05-19 00:55:01,753 INFO:Fetching latest LTP for token=99926037 from database...
2025-05-19 00:55:01,828 INFO:Latest LTP fetched: {'last_update': datetime.datetime(2025, 5, 16, 14, 41, 1, 169366), 'ltp': 26464.7}
2025-05-19 00:55:01,830 INFO:Generating buy/sell signals...
2025-05-19 00:55:01,830 INFO:Buy/sell signals generated successfully.
2025-05-19 00:55:01,831 INFO:Historical and live data combined successfully. [[nan], [nan], [nan], [nan]]
2025-05-19 00:55:01,832 INFO:Entering while loop with trade_count: 2
2025-05-19 00:55:01,832 INFO:Combining historical data with live LTP for token=99926037...
2025-05-19 00:55:01,832 INFO:Fetching latest LTP for token=99926037 from database...
2025-05-19 00:55:01,906 INFO:Latest LTP fetched: {'last_update': datetime.datetime(2025, 5, 16, 14, 41, 1, 169366), 'ltp': 26464.7}
2025-05-19 00:55:01,908 INFO:Generating buy/sell signals...
2025-05-19 00:55:01,908 INFO:Buy/sell signals generated successfully.
2025-05-19 00:55:01,909 INFO:Historical and live data combined successfully. [[nan], [nan], [nan], [nan]]
2025-05-19 00:55:01,910 INFO:Entering while loop with trade_count: 2
2025-05-19 00:55:01,910 INFO:Combining historical data with live LTP for token=99926037...
2025-05-19 00:55:01,910 INFO:Fetching latest LTP for token=99926037 from database...
2025-05-19 00:55:01,981 INFO:Latest LTP fetched: {'last_update': datetime.datetime(2025, 5, 16, 14, 41, 1, 169366), 'ltp': 26464.7}
2025-05-19 00:55:01,984 INFO:Generating buy/sell signals...
2025-05-19 00:55:01,984 INFO:Buy/sell signals generated successfully.
2025-05-19 00:55:01,985 INFO:Historical and live data combined successfully. [[nan], [nan], [nan], [nan]]
2025-05-19 00:55:01,986 INFO:Entering while loop with trade_count: 2
2025-05-19 00:55:01,986 INFO:Combining historical data with live LTP for token=99926037...
2025-05-19 00:55:01,986 INFO:Fetching latest LTP for token=99926037 from database...
2025-05-19 00:55:02,289 INFO:Latest LTP fetched: {'last_update': datetime.datetime(2025, 5, 16, 14, 41, 1, 169366), 'ltp': 26464.7}
2025-05-19 00:55:02,290 INFO:Generating buy/sell signals...
2025-05-19 00:55:02,290 INFO:Buy/sell signals generated successfully.
2025-05-19 00:55:02,291 INFO:Historical and live data combined successfully. [[nan], [nan], [nan], [nan]]
2025-05-19 01:00:01,000 INFO:Entering while loop with trade_count: 2
2025-05-19 01:00:01,000 INFO:Combining historical data with live LTP for token=99926037...
2025-05-19 01:00:01,000 INFO:Fetching latest LTP for token=99926037 from database...
2025-05-19 01:00:01,072 INFO:Latest LTP fetched: {'last_update': datetime.datetime(2025, 5, 16, 14, 41, 1, 169366), 'ltp': 26464.7}
2025-05-19 01:00:01,073 INFO:Generating buy/sell signals...
2025-05-19 01:00:01,074 INFO:Buy/sell signals generated successfully.
2025-05-19 01:00:01,074 INFO:Historical and live data combined successfully. [[nan], [nan], [nan], [nan]]
2025-05-19 01:00:01,075 INFO:Entering while loop with trade_count: 2
2025-05-19 01:00:01,075 INFO:Combining historical data with live LTP for token=99926037...
2025-05-19 01:00:01,075 INFO:Fetching latest LTP for token=99926037 from database...
2025-05-19 01:00:01,148 INFO:Latest LTP fetched: {'last_update': datetime.datetime(2025, 5, 16, 14, 41, 1, 169366), 'ltp': 26464.7}
2025-05-19 01:00:01,149 INFO:Generating buy/sell signals...
2025-05-19 01:00:01,149 INFO:Buy/sell signals generated successfully.
2025-05-19 01:00:01,150 INFO:Historical and live data combined successfully. [[nan], [nan], [nan], [nan]]
2025-05-19 01:00:01,151 INFO:Entering while loop with trade_count: 2
2025-05-19 01:00:01,151 INFO:Combining historical data with live LTP for token=99926037...
2025-05-19 01:00:01,151 INFO:Fetching latest LTP for token=99926037 from database...
2025-05-19 01:00:01,225 INFO:Latest LTP fetched: {'last_update': datetime.datetime(2025, 5, 16, 14, 41, 1, 169366), 'ltp': 26464.7}
2025-05-19 01:00:01,227 INFO:Generating buy/sell signals...
2025-05-19 01:00:01,227 INFO:Buy/sell signals generated successfully.
2025-05-19 01:00:01,227 INFO:Historical and live data combined successfully. [[nan], [nan], [nan], [nan]]
2025-05-19 01:00:01,229 INFO:Entering while loop with trade_count: 2
2025-05-19 01:00:01,229 INFO:Combining historical data with live LTP for token=99926037...
2025-05-19 01:00:01,229 INFO:Fetching latest LTP for token=99926037 from database...
2025-05-19 01:00:01,302 INFO:Latest LTP fetched: {'last_update': datetime.datetime(2025, 5, 16, 14, 41, 1, 169366), 'ltp': 26464.7}
2025-05-19 01:00:01,304 INFO:Generating buy/sell signals...
2025-05-19 01:00:01,304 INFO:Buy/sell signals generated successfully.
2025-05-19 01:00:01,304 INFO:Historical and live data combined successfully. [[nan], [nan], [nan], [nan]]
2025-05-19 01:00:01,305 INFO:Entering while loop with trade_count: 2
2025-05-19 01:00:01,305 INFO:Combining historical data with live LTP for token=99926037...
2025-05-19 01:00:01,305 INFO:Fetching latest LTP for token=99926037 from database...
2025-05-19 01:00:01,378 INFO:Latest LTP fetched: {'last_update': datetime.datetime(2025, 5, 16, 14, 41, 1, 169366), 'ltp': 26464.7}
2025-05-19 01:00:01,380 INFO:Generating buy/sell signals...
2025-05-19 01:00:01,380 INFO:Buy/sell signals generated successfully.
2025-05-19 01:00:01,380 INFO:Historical and live data combined successfully. [[nan], [nan], [nan], [nan]]
2025-05-19 01:00:01,382 INFO:Entering while loop with trade_count: 2
2025-05-19 01:00:01,382 INFO:Combining historical data with live LTP for token=99926037...
2025-05-19 01:00:01,382 INFO:Fetching latest LTP for token=99926037 from database...
2025-05-19 01:00:01,455 INFO:Latest LTP fetched: {'last_update': datetime.datetime(2025, 5, 16, 14, 41, 1, 169366), 'ltp': 26464.7}
2025-05-19 01:00:01,457 INFO:Generating buy/sell signals...
2025-05-19 01:00:01,457 INFO:Buy/sell signals generated successfully.
2025-05-19 01:00:01,457 INFO:Historical and live data combined successfully. [[nan], [nan], [nan], [nan]]
2025-05-19 01:00:01,459 INFO:Entering while loop with trade_count: 2
2025-05-19 01:00:01,459 INFO:Combining historical data with live LTP for token=99926037...
2025-05-19 01:00:01,459 INFO:Fetching latest LTP for token=99926037 from database...
2025-05-19 01:00:01,532 INFO:Latest LTP fetched: {'last_update': datetime.datetime(2025, 5, 16, 14, 41, 1, 169366), 'ltp': 26464.7}
2025-05-19 01:00:01,534 INFO:Generating buy/sell signals...
2025-05-19 01:00:01,534 INFO:Buy/sell signals generated successfully.
2025-05-19 01:00:01,534 INFO:Historical and live data combined successfully. [[nan], [nan], [nan], [nan]]
2025-05-19 01:00:01,535 INFO:Entering while loop with trade_count: 2
2025-05-19 01:00:01,536 INFO:Combining historical data with live LTP for token=99926037...
2025-05-19 01:00:01,536 INFO:Fetching latest LTP for token=99926037 from database...
2025-05-19 01:00:01,609 INFO:Latest LTP fetched: {'last_update': datetime.datetime(2025, 5, 16, 14, 41, 1, 169366), 'ltp': 26464.7}
2025-05-19 01:00:01,611 INFO:Generating buy/sell signals...
2025-05-19 01:00:01,611 INFO:Buy/sell signals generated successfully.
2025-05-19 01:00:01,612 INFO:Historical and live data combined successfully. [[nan], [nan], [nan], [nan]]
2025-05-19 01:00:01,613 INFO:Entering while loop with trade_count: 2
2025-05-19 01:00:01,613 INFO:Combining historical data with live LTP for token=99926037...
2025-05-19 01:00:01,613 INFO:Fetching latest LTP for token=99926037 from database...
2025-05-19 01:00:01,687 INFO:Latest LTP fetched: {'last_update': datetime.datetime(2025, 5, 16, 14, 41, 1, 169366), 'ltp': 26464.7}
2025-05-19 01:00:01,689 INFO:Generating buy/sell signals...
2025-05-19 01:00:01,689 INFO:Buy/sell signals generated successfully.
2025-05-19 01:00:01,690 INFO:Historical and live data combined successfully. [[nan], [nan], [nan], [nan]]
2025-05-19 01:00:01,691 INFO:Entering while loop with trade_count: 2
2025-05-19 01:00:01,691 INFO:Combining historical data with live LTP for token=99926037...
2025-05-19 01:00:01,691 INFO:Fetching latest LTP for token=99926037 from database...
2025-05-19 01:00:01,763 INFO:Latest LTP fetched: {'last_update': datetime.datetime(2025, 5, 16, 14, 41, 1, 169366), 'ltp': 26464.7}
2025-05-19 01:00:01,765 INFO:Generating buy/sell signals...
2025-05-19 01:00:01,765 INFO:Buy/sell signals generated successfully.
2025-05-19 01:00:01,765 INFO:Historical and live data combined successfully. [[nan], [nan], [nan], [nan]]
2025-05-19 01:00:01,767 INFO:Entering while loop with trade_count: 2
2025-05-19 01:00:01,767 INFO:Combining historical data with live LTP for token=99926037...
2025-05-19 01:00:01,767 INFO:Fetching latest LTP for token=99926037 from database...
2025-05-19 01:00:01,839 INFO:Latest LTP fetched: {'last_update': datetime.datetime(2025, 5, 16, 14, 41, 1, 169366), 'ltp': 26464.7}
2025-05-19 01:00:01,841 INFO:Generating buy/sell signals...
2025-05-19 01:00:01,841 INFO:Buy/sell signals generated successfully.
2025-05-19 01:00:01,841 INFO:Historical and live data combined successfully. [[nan], [nan], [nan], [nan]]
2025-05-19 01:00:01,843 INFO:Entering while loop with trade_count: 2
2025-05-19 01:00:01,843 INFO:Combining historical data with live LTP for token=99926037...
2025-05-19 01:00:01,843 INFO:Fetching latest LTP for token=99926037 from database...
2025-05-19 01:00:01,916 INFO:Latest LTP fetched: {'last_update': datetime.datetime(2025, 5, 16, 14, 41, 1, 169366), 'ltp': 26464.7}
2025-05-19 01:00:01,918 INFO:Generating buy/sell signals...
2025-05-19 01:00:01,918 INFO:Buy/sell signals generated successfully.
2025-05-19 01:00:01,918 INFO:Historical and live data combined successfully. [[nan], [nan], [nan], [nan]]
2025-05-19 01:00:01,920 INFO:Entering while loop with trade_count: 2
2025-05-19 01:00:01,920 INFO:Combining historical data with live LTP for token=99926037...
2025-05-19 01:00:01,920 INFO:Fetching latest LTP for token=99926037 from database...
2025-05-19 01:00:01,993 INFO:Latest LTP fetched: {'last_update': datetime.datetime(2025, 5, 16, 14, 41, 1, 169366), 'ltp': 26464.7}
2025-05-19 01:00:01,995 INFO:Generating buy/sell signals...
2025-05-19 01:00:01,995 INFO:Buy/sell signals generated successfully.
2025-05-19 01:00:01,996 INFO:Historical and live data combined successfully. [[nan], [nan], [nan], [nan]]
2025-05-19 01:00:01,997 INFO:Entering while loop with trade_count: 2
2025-05-19 01:00:01,997 INFO:Combining historical data with live LTP for token=99926037...
2025-05-19 01:00:01,997 INFO:Fetching latest LTP for token=99926037 from database...
2025-05-19 01:00:02,071 INFO:Latest LTP fetched: {'last_update': datetime.datetime(2025, 5, 16, 14, 41, 1, 169366), 'ltp': 26464.7}
2025-05-19 01:00:02,073 INFO:Generating buy/sell signals...
2025-05-19 01:00:02,073 INFO:Buy/sell signals generated successfully.
2025-05-19 01:00:02,073 INFO:Historical and live data combined successfully. [[nan], [nan], [nan], [nan]]
2025-05-19 01:03:33,938 INFO:Starting trading process...
2025-05-19 01:03:34,447 INFO:Updated is_started=true for IDs: [223]
2025-05-19 01:03:34,531 INFO:Entering trade_function with row: {'id': 223, 'user_id': 2, 'strategy_id': '123qwe', 'stock_token': '3045', 'trade_count': 1, 'quantity': 10, 'paper_trade': False, 'created_at': datetime.datetime(2025, 5, 17, 23, 50, 57, 80698), 'updated_at': datetime.datetime(2025, 5, 17, 23, 50, 57, 80698), 'is_active': True, 'is_started': False, 'deactivated_at': None, 'deactivated_by': None, 'status': 'pending'}
2025-05-19 01:03:34,531 INFO:Processing trade for user_id=2, strategy_id=123qwe, stock_token=3045
2025-05-19 01:03:34,696 INFO:Order created with order_id=0e575667-7bd4-44a6-b44f-4142af580549 for strategy_id=123qwe
2025-05-19 01:05:01,000 INFO:Entering while loop with trade_count: 1
2025-05-19 01:05:01,000 INFO:Combining historical data with live LTP for token=3045...
2025-05-19 01:05:01,000 INFO:Fetching latest LTP for token=3045 from database...
2025-05-19 01:05:01,077 INFO:Latest LTP fetched: {'last_update': datetime.datetime(2025, 5, 16, 14, 40, 48, 858233), 'ltp': 800.0}
2025-05-19 01:05:01,079 INFO:Generating buy/sell signals...
2025-05-19 01:05:01,079 INFO:Buy/sell signals generated successfully.
2025-05-19 01:05:01,080 INFO:Historical and live data combined successfully. [[nan], [nan], [nan], [nan]]
2025-05-19 01:05:01,081 INFO:Entering while loop with trade_count: 1
2025-05-19 01:05:01,081 INFO:Combining historical data with live LTP for token=3045...
2025-05-19 01:05:01,081 INFO:Fetching latest LTP for token=3045 from database...
2025-05-19 01:05:01,160 INFO:Latest LTP fetched: {'last_update': datetime.datetime(2025, 5, 16, 14, 40, 48, 858233), 'ltp': 800.0}
2025-05-19 01:05:01,162 INFO:Generating buy/sell signals...
2025-05-19 01:05:01,162 INFO:Buy/sell signals generated successfully.
2025-05-19 01:05:01,162 INFO:Historical and live data combined successfully. [[nan], [nan], [nan], [nan]]
2025-05-19 01:05:01,164 INFO:Entering while loop with trade_count: 1
2025-05-19 01:05:01,164 INFO:Combining historical data with live LTP for token=3045...
2025-05-19 01:05:01,164 INFO:Fetching latest LTP for token=3045 from database...
2025-05-19 01:05:01,246 INFO:Latest LTP fetched: {'last_update': datetime.datetime(2025, 5, 16, 14, 40, 48, 858233), 'ltp': 800.0}
2025-05-19 01:05:01,247 INFO:Generating buy/sell signals...
2025-05-19 01:05:01,248 INFO:Buy/sell signals generated successfully.
2025-05-19 01:05:01,248 INFO:Historical and live data combined successfully. [[nan], [nan], [nan], [nan]]
2025-05-19 01:05:01,249 INFO:Entering while loop with trade_count: 1
2025-05-19 01:05:01,249 INFO:Combining historical data with live LTP for token=3045...
2025-05-19 01:05:01,249 INFO:Fetching latest LTP for token=3045 from database...
2025-05-19 01:05:01,329 INFO:Latest LTP fetched: {'last_update': datetime.datetime(2025, 5, 16, 14, 40, 48, 858233), 'ltp': 800.0}
2025-05-19 01:05:01,331 INFO:Generating buy/sell signals...
2025-05-19 01:05:01,331 INFO:Buy/sell signals generated successfully.
2025-05-19 01:05:01,331 INFO:Historical and live data combined successfully. [[nan], [nan], [nan], [nan]]
2025-05-19 01:05:01,332 INFO:Entering while loop with trade_count: 1
2025-05-19 01:05:01,333 INFO:Combining historical data with live LTP for token=3045...
2025-05-19 01:05:01,333 INFO:Fetching latest LTP for token=3045 from database...
2025-05-19 01:05:01,413 INFO:Latest LTP fetched: {'last_update': datetime.datetime(2025, 5, 16, 14, 40, 48, 858233), 'ltp': 800.0}
2025-05-19 01:05:01,415 INFO:Generating buy/sell signals...
2025-05-19 01:05:01,415 INFO:Buy/sell signals generated successfully.
2025-05-19 01:05:01,415 INFO:Historical and live data combined successfully. [[nan], [nan], [nan], [nan]]
2025-05-19 01:05:01,417 INFO:Entering while loop with trade_count: 1
2025-05-19 01:05:01,417 INFO:Combining historical data with live LTP for token=3045...
2025-05-19 01:05:01,417 INFO:Fetching latest LTP for token=3045 from database...
2025-05-19 01:05:01,496 INFO:Latest LTP fetched: {'last_update': datetime.datetime(2025, 5, 16, 14, 40, 48, 858233), 'ltp': 800.0}
2025-05-19 01:05:01,498 INFO:Generating buy/sell signals...
2025-05-19 01:05:01,498 INFO:Buy/sell signals generated successfully.
2025-05-19 01:05:01,498 INFO:Historical and live data combined successfully. [[nan], [nan], [nan], [nan]]
2025-05-19 01:05:01,500 INFO:Entering while loop with trade_count: 1
2025-05-19 01:05:01,500 INFO:Combining historical data with live LTP for token=3045...
2025-05-19 01:05:01,500 INFO:Fetching latest LTP for token=3045 from database...
2025-05-19 01:05:01,580 INFO:Latest LTP fetched: {'last_update': datetime.datetime(2025, 5, 16, 14, 40, 48, 858233), 'ltp': 800.0}
2025-05-19 01:05:01,582 INFO:Generating buy/sell signals...
2025-05-19 01:05:01,582 INFO:Buy/sell signals generated successfully.
2025-05-19 01:05:01,582 INFO:Historical and live data combined successfully. [[nan], [nan], [nan], [nan]]
2025-05-19 01:05:01,583 INFO:Entering while loop with trade_count: 1
2025-05-19 01:05:01,584 INFO:Combining historical data with live LTP for token=3045...
2025-05-19 01:05:01,584 INFO:Fetching latest LTP for token=3045 from database...
2025-05-19 01:05:01,663 INFO:Latest LTP fetched: {'last_update': datetime.datetime(2025, 5, 16, 14, 40, 48, 858233), 'ltp': 800.0}
2025-05-19 01:05:01,665 INFO:Generating buy/sell signals...
2025-05-19 01:05:01,665 INFO:Buy/sell signals generated successfully.
2025-05-19 01:05:01,665 INFO:Historical and live data combined successfully. [[nan], [nan], [nan], [nan]]
2025-05-19 01:05:01,667 INFO:Entering while loop with trade_count: 1
2025-05-19 01:05:01,667 INFO:Combining historical data with live LTP for token=3045...
2025-05-19 01:05:01,667 INFO:Fetching latest LTP for token=3045 from database...
2025-05-19 01:05:01,746 INFO:Latest LTP fetched: {'last_update': datetime.datetime(2025, 5, 16, 14, 40, 48, 858233), 'ltp': 800.0}
2025-05-19 01:05:01,748 INFO:Generating buy/sell signals...
2025-05-19 01:05:01,748 INFO:Buy/sell signals generated successfully.
2025-05-19 01:05:01,748 INFO:Historical and live data combined successfully. [[nan], [nan], [nan], [nan]]
2025-05-19 01:05:01,750 INFO:Entering while loop with trade_count: 1
2025-05-19 01:05:01,750 INFO:Combining historical data with live LTP for token=3045...
2025-05-19 01:05:01,750 INFO:Fetching latest LTP for token=3045 from database...
2025-05-19 01:05:01,832 INFO:Latest LTP fetched: {'last_update': datetime.datetime(2025, 5, 16, 14, 40, 48, 858233), 'ltp': 800.0}
2025-05-19 01:05:01,834 INFO:Generating buy/sell signals...
2025-05-19 01:05:01,834 INFO:Buy/sell signals generated successfully.
2025-05-19 01:05:01,834 INFO:Historical and live data combined successfully. [[nan], [nan], [nan], [nan]]
2025-05-19 01:05:01,836 INFO:Entering while loop with trade_count: 1
2025-05-19 01:05:01,836 INFO:Combining historical data with live LTP for token=3045...
2025-05-19 01:05:01,836 INFO:Fetching latest LTP for token=3045 from database...
2025-05-19 01:05:01,915 INFO:Latest LTP fetched: {'last_update': datetime.datetime(2025, 5, 16, 14, 40, 48, 858233), 'ltp': 800.0}
2025-05-19 01:05:01,917 INFO:Generating buy/sell signals...
2025-05-19 01:05:01,917 INFO:Buy/sell signals generated successfully.
2025-05-19 01:05:01,918 INFO:Historical and live data combined successfully. [[nan], [nan], [nan], [nan]]
2025-05-19 01:05:01,919 INFO:Entering while loop with trade_count: 1
2025-05-19 01:05:01,919 INFO:Combining historical data with live LTP for token=3045...
2025-05-19 01:05:01,919 INFO:Fetching latest LTP for token=3045 from database...
2025-05-19 01:05:02,002 INFO:Latest LTP fetched: {'last_update': datetime.datetime(2025, 5, 16, 14, 40, 48, 858233), 'ltp': 800.0}
2025-05-19 01:05:02,004 INFO:Generating buy/sell signals...
2025-05-19 01:05:02,004 INFO:Buy/sell signals generated successfully.
2025-05-19 01:05:02,004 INFO:Historical and live data combined successfully. [[nan], [nan], [nan], [nan]]
2025-05-19 01:10:01,000 INFO:Entering while loop with trade_count: 1
2025-05-19 01:10:01,000 INFO:Combining historical data with live LTP for token=3045...
2025-05-19 01:10:01,000 INFO:Fetching latest LTP for token=3045 from database...
2025-05-19 01:10:01,078 INFO:Latest LTP fetched: {'last_update': datetime.datetime(2025, 5, 16, 14, 40, 48, 858233), 'ltp': 799.55}
2025-05-19 01:10:01,080 INFO:Generating buy/sell signals...
2025-05-19 01:10:01,080 INFO:Buy/sell signals generated successfully.
2025-05-19 01:10:01,080 INFO:Historical and live data combined successfully. [[nan], [1], [nan], [nan]]
2025-05-19 01:10:01,237 INFO:Entering while loop with trade_count: 0
2025-05-19 01:10:01,237 INFO:Combining historical data with live LTP for token=3045...
2025-05-19 01:10:01,237 INFO:Fetching latest LTP for token=3045 from database...
2025-05-19 01:10:01,313 INFO:Latest LTP fetched: {'last_update': datetime.datetime(2025, 5, 16, 14, 40, 48, 858233), 'ltp': 799.55}
2025-05-19 01:10:01,314 INFO:Generating buy/sell signals...
2025-05-19 01:10:01,315 INFO:Buy/sell signals generated successfully.
2025-05-19 01:10:01,315 INFO:Historical and live data combined successfully. [[nan], [1], [nan], [nan]]
2025-05-19 01:10:01,316 INFO:Cannot place sell order. Current position: sell
2025-05-19 01:10:01,316 INFO:Entering while loop with trade_count: 0
2025-05-19 01:10:01,316 INFO:Combining historical data with live LTP for token=3045...
2025-05-19 01:10:01,316 INFO:Fetching latest LTP for token=3045 from database...
2025-05-19 01:10:01,395 INFO:Latest LTP fetched: {'last_update': datetime.datetime(2025, 5, 16, 14, 40, 48, 858233), 'ltp': 799.55}
2025-05-19 01:10:01,397 INFO:Generating buy/sell signals...
2025-05-19 01:10:01,397 INFO:Buy/sell signals generated successfully.
2025-05-19 01:10:01,397 INFO:Historical and live data combined successfully. [[nan], [1], [nan], [nan]]
2025-05-19 01:10:01,398 INFO:Cannot place sell order. Current position: sell
2025-05-19 01:10:01,399 INFO:Entering while loop with trade_count: 0
2025-05-19 01:10:01,399 INFO:Combining historical data with live LTP for token=3045...
2025-05-19 01:10:01,399 INFO:Fetching latest LTP for token=3045 from database...
2025-05-19 01:10:01,477 INFO:Latest LTP fetched: {'last_update': datetime.datetime(2025, 5, 16, 14, 40, 48, 858233), 'ltp': 799.55}
2025-05-19 01:10:01,478 INFO:Generating buy/sell signals...
2025-05-19 01:10:01,479 INFO:Buy/sell signals generated successfully.
2025-05-19 01:10:01,479 INFO:Historical and live data combined successfully. [[nan], [1], [nan], [nan]]
2025-05-19 01:10:01,480 INFO:Cannot place sell order. Current position: sell
2025-05-19 01:10:01,480 INFO:Entering while loop with trade_count: 0
2025-05-19 01:10:01,480 INFO:Combining historical data with live LTP for token=3045...
2025-05-19 01:10:01,480 INFO:Fetching latest LTP for token=3045 from database...
2025-05-19 01:10:01,557 INFO:Latest LTP fetched: {'last_update': datetime.datetime(2025, 5, 16, 14, 40, 48, 858233), 'ltp': 799.55}
2025-05-19 01:10:01,559 INFO:Generating buy/sell signals...
2025-05-19 01:10:01,559 INFO:Buy/sell signals generated successfully.
2025-05-19 01:10:01,559 INFO:Historical and live data combined successfully. [[nan], [1], [nan], [nan]]
2025-05-19 01:10:01,560 INFO:Cannot place sell order. Current position: sell
2025-05-19 01:10:01,561 INFO:Entering while loop with trade_count: 0
2025-05-19 01:10:01,561 INFO:Combining historical data with live LTP for token=3045...
2025-05-19 01:10:01,561 INFO:Fetching latest LTP for token=3045 from database...
2025-05-19 01:10:01,640 INFO:Latest LTP fetched: {'last_update': datetime.datetime(2025, 5, 16, 14, 40, 48, 858233), 'ltp': 799.55}
2025-05-19 01:10:01,641 INFO:Generating buy/sell signals...
2025-05-19 01:10:01,641 INFO:Buy/sell signals generated successfully.
2025-05-19 01:10:01,642 INFO:Historical and live data combined successfully. [[nan], [1], [nan], [nan]]
2025-05-19 01:10:01,643 INFO:Cannot place sell order. Current position: sell
2025-05-19 01:10:01,643 INFO:Entering while loop with trade_count: 0
2025-05-19 01:10:01,643 INFO:Combining historical data with live LTP for token=3045...
2025-05-19 01:10:01,643 INFO:Fetching latest LTP for token=3045 from database...
2025-05-19 01:10:01,720 INFO:Latest LTP fetched: {'last_update': datetime.datetime(2025, 5, 16, 14, 40, 48, 858233), 'ltp': 799.55}
2025-05-19 01:10:01,721 INFO:Generating buy/sell signals...
2025-05-19 01:10:01,722 INFO:Buy/sell signals generated successfully.
2025-05-19 01:10:01,722 INFO:Historical and live data combined successfully. [[nan], [1], [nan], [nan]]
2025-05-19 01:10:01,723 INFO:Cannot place sell order. Current position: sell
2025-05-19 01:10:01,723 INFO:Entering while loop with trade_count: 0
2025-05-19 01:10:01,723 INFO:Combining historical data with live LTP for token=3045...
2025-05-19 01:10:01,723 INFO:Fetching latest LTP for token=3045 from database...
2025-05-19 01:10:01,801 INFO:Latest LTP fetched: {'last_update': datetime.datetime(2025, 5, 16, 14, 40, 48, 858233), 'ltp': 799.55}
2025-05-19 01:10:01,803 INFO:Generating buy/sell signals...
2025-05-19 01:10:01,803 INFO:Buy/sell signals generated successfully.
2025-05-19 01:10:01,803 INFO:Historical and live data combined successfully. [[nan], [1], [nan], [nan]]
2025-05-19 01:10:01,804 INFO:Cannot place sell order. Current position: sell
2025-05-19 01:10:01,805 INFO:Entering while loop with trade_count: 0
2025-05-19 01:10:01,805 INFO:Combining historical data with live LTP for token=3045...
2025-05-19 01:10:01,805 INFO:Fetching latest LTP for token=3045 from database...
2025-05-19 01:10:01,882 INFO:Latest LTP fetched: {'last_update': datetime.datetime(2025, 5, 16, 14, 40, 48, 858233), 'ltp': 799.55}
2025-05-19 01:10:01,884 INFO:Generating buy/sell signals...
2025-05-19 01:10:01,884 INFO:Buy/sell signals generated successfully.
2025-05-19 01:10:01,884 INFO:Historical and live data combined successfully. [[nan], [1], [nan], [nan]]
2025-05-19 01:10:01,886 INFO:Cannot place sell order. Current position: sell
2025-05-19 01:10:01,886 INFO:Entering while loop with trade_count: 0
2025-05-19 01:10:01,886 INFO:Combining historical data with live LTP for token=3045...
2025-05-19 01:10:01,886 INFO:Fetching latest LTP for token=3045 from database...
2025-05-19 01:10:01,963 INFO:Latest LTP fetched: {'last_update': datetime.datetime(2025, 5, 16, 14, 40, 48, 858233), 'ltp': 799.55}
2025-05-19 01:10:01,965 INFO:Generating buy/sell signals...
2025-05-19 01:10:01,965 INFO:Buy/sell signals generated successfully.
2025-05-19 01:10:01,965 INFO:Historical and live data combined successfully. [[nan], [1], [nan], [nan]]
2025-05-19 01:10:01,967 INFO:Cannot place sell order. Current position: sell
2025-05-19 01:10:01,967 INFO:Entering while loop with trade_count: 0
2025-05-19 01:10:01,967 INFO:Combining historical data with live LTP for token=3045...
2025-05-19 01:10:01,967 INFO:Fetching latest LTP for token=3045 from database...
2025-05-19 01:10:02,046 INFO:Latest LTP fetched: {'last_update': datetime.datetime(2025, 5, 16, 14, 40, 48, 858233), 'ltp': 799.55}
2025-05-19 01:10:02,047 INFO:Generating buy/sell signals...
2025-05-19 01:10:02,047 INFO:Buy/sell signals generated successfully.
2025-05-19 01:10:02,048 INFO:Historical and live data combined successfully. [[nan], [1], [nan], [nan]]
2025-05-19 01:10:02,049 INFO:Cannot place sell order. Current position: sell
2025-05-19 01:15:01,000 INFO:Entering while loop with trade_count: 0
2025-05-19 01:15:01,000 INFO:Combining historical data with live LTP for token=3045...
2025-05-19 01:15:01,000 INFO:Fetching latest LTP for token=3045 from database...
2025-05-19 01:15:01,080 INFO:Latest LTP fetched: {'last_update': datetime.datetime(2025, 5, 16, 14, 40, 48, 858233), 'ltp': 798.95}
2025-05-19 01:15:01,082 INFO:Generating buy/sell signals...
2025-05-19 01:15:01,082 INFO:Buy/sell signals generated successfully.
2025-05-19 01:15:01,082 INFO:Historical and live data combined successfully. [[nan], [1], [nan], [nan]]
2025-05-19 01:15:01,084 INFO:Cannot place sell order. Current position: sell
2025-05-19 01:15:01,084 INFO:Entering while loop with trade_count: 0
2025-05-19 01:15:01,084 INFO:Combining historical data with live LTP for token=3045...
2025-05-19 01:15:01,084 INFO:Fetching latest LTP for token=3045 from database...
2025-05-19 01:15:01,161 INFO:Latest LTP fetched: {'last_update': datetime.datetime(2025, 5, 16, 14, 40, 48, 858233), 'ltp': 798.95}
2025-05-19 01:15:01,163 INFO:Generating buy/sell signals...
2025-05-19 01:15:01,163 INFO:Buy/sell signals generated successfully.
2025-05-19 01:15:01,164 INFO:Historical and live data combined successfully. [[nan], [1], [nan], [nan]]
2025-05-19 01:15:01,165 INFO:Cannot place sell order. Current position: sell
2025-05-19 01:15:01,165 INFO:Entering while loop with trade_count: 0
2025-05-19 01:15:01,165 INFO:Combining historical data with live LTP for token=3045...
2025-05-19 01:15:01,165 INFO:Fetching latest LTP for token=3045 from database...
2025-05-19 01:15:01,244 INFO:Latest LTP fetched: {'last_update': datetime.datetime(2025, 5, 16, 14, 40, 48, 858233), 'ltp': 798.95}
2025-05-19 01:15:01,246 INFO:Generating buy/sell signals...
2025-05-19 01:15:01,246 INFO:Buy/sell signals generated successfully.
2025-05-19 01:15:01,247 INFO:Historical and live data combined successfully. [[nan], [1], [nan], [nan]]
2025-05-19 01:15:01,248 INFO:Cannot place sell order. Current position: sell
2025-05-19 01:15:01,248 INFO:Entering while loop with trade_count: 0
2025-05-19 01:15:01,248 INFO:Combining historical data with live LTP for token=3045...
2025-05-19 01:15:01,248 INFO:Fetching latest LTP for token=3045 from database...
2025-05-19 01:15:01,329 INFO:Latest LTP fetched: {'last_update': datetime.datetime(2025, 5, 16, 14, 40, 48, 858233), 'ltp': 798.95}
2025-05-19 01:15:01,331 INFO:Generating buy/sell signals...
2025-05-19 01:15:01,331 INFO:Buy/sell signals generated successfully.
2025-05-19 01:15:01,331 INFO:Historical and live data combined successfully. [[nan], [1], [nan], [nan]]
2025-05-19 01:15:01,333 INFO:Cannot place sell order. Current position: sell
2025-05-19 01:15:01,333 INFO:Entering while loop with trade_count: 0
2025-05-19 01:15:01,333 INFO:Combining historical data with live LTP for token=3045...
2025-05-19 01:15:01,333 INFO:Fetching latest LTP for token=3045 from database...
2025-05-19 01:15:01,414 INFO:Latest LTP fetched: {'last_update': datetime.datetime(2025, 5, 16, 14, 40, 48, 858233), 'ltp': 798.95}
2025-05-19 01:15:01,416 INFO:Generating buy/sell signals...
2025-05-19 01:15:01,416 INFO:Buy/sell signals generated successfully.
2025-05-19 01:15:01,416 INFO:Historical and live data combined successfully. [[nan], [1], [nan], [nan]]
2025-05-19 01:15:01,418 INFO:Cannot place sell order. Current position: sell
2025-05-19 01:15:01,418 INFO:Entering while loop with trade_count: 0
2025-05-19 01:15:01,418 INFO:Combining historical data with live LTP for token=3045...
2025-05-19 01:15:01,418 INFO:Fetching latest LTP for token=3045 from database...
2025-05-19 01:15:01,499 INFO:Latest LTP fetched: {'last_update': datetime.datetime(2025, 5, 16, 14, 40, 48, 858233), 'ltp': 798.95}
2025-05-19 01:15:01,501 INFO:Generating buy/sell signals...
2025-05-19 01:15:01,501 INFO:Buy/sell signals generated successfully.
2025-05-19 01:15:01,502 INFO:Historical and live data combined successfully. [[nan], [1], [nan], [nan]]
2025-05-19 01:15:01,503 INFO:Cannot place sell order. Current position: sell
2025-05-19 01:15:01,503 INFO:Entering while loop with trade_count: 0
2025-05-19 01:15:01,503 INFO:Combining historical data with live LTP for token=3045...
2025-05-19 01:15:01,503 INFO:Fetching latest LTP for token=3045 from database...
2025-05-19 01:15:01,583 INFO:Latest LTP fetched: {'last_update': datetime.datetime(2025, 5, 16, 14, 40, 48, 858233), 'ltp': 798.95}
2025-05-19 01:15:01,585 INFO:Generating buy/sell signals...
2025-05-19 01:15:01,585 INFO:Buy/sell signals generated successfully.
2025-05-19 01:15:01,585 INFO:Historical and live data combined successfully. [[nan], [1], [nan], [nan]]
2025-05-19 01:15:01,587 INFO:Cannot place sell order. Current position: sell
2025-05-19 01:15:01,587 INFO:Entering while loop with trade_count: 0
2025-05-19 01:15:01,587 INFO:Combining historical data with live LTP for token=3045...
2025-05-19 01:15:01,587 INFO:Fetching latest LTP for token=3045 from database...
2025-05-19 01:15:01,666 INFO:Latest LTP fetched: {'last_update': datetime.datetime(2025, 5, 16, 14, 40, 48, 858233), 'ltp': 798.95}
2025-05-19 01:15:01,668 INFO:Generating buy/sell signals...
2025-05-19 01:15:01,668 INFO:Buy/sell signals generated successfully.
2025-05-19 01:15:01,669 INFO:Historical and live data combined successfully. [[nan], [1], [nan], [nan]]
2025-05-19 01:15:01,670 INFO:Cannot place sell order. Current position: sell
2025-05-19 01:15:01,670 INFO:Entering while loop with trade_count: 0
2025-05-19 01:15:01,670 INFO:Combining historical data with live LTP for token=3045...
2025-05-19 01:15:01,670 INFO:Fetching latest LTP for token=3045 from database...
2025-05-19 01:15:01,751 INFO:Latest LTP fetched: {'last_update': datetime.datetime(2025, 5, 16, 14, 40, 48, 858233), 'ltp': 798.95}
2025-05-19 01:15:01,753 INFO:Generating buy/sell signals...
2025-05-19 01:15:01,753 INFO:Buy/sell signals generated successfully.
2025-05-19 01:15:01,753 INFO:Historical and live data combined successfully. [[nan], [1], [nan], [nan]]
2025-05-19 01:15:01,754 INFO:Cannot place sell order. Current position: sell
2025-05-19 01:15:01,754 INFO:Entering while loop with trade_count: 0
2025-05-19 01:15:01,754 INFO:Combining historical data with live LTP for token=3045...
2025-05-19 01:15:01,755 INFO:Fetching latest LTP for token=3045 from database...
2025-05-19 01:15:01,832 INFO:Latest LTP fetched: {'last_update': datetime.datetime(2025, 5, 16, 14, 40, 48, 858233), 'ltp': 798.95}
2025-05-19 01:15:01,835 INFO:Generating buy/sell signals...
2025-05-19 01:15:01,835 INFO:Buy/sell signals generated successfully.
2025-05-19 01:15:01,835 INFO:Historical and live data combined successfully. [[nan], [1], [nan], [nan]]
2025-05-19 01:15:01,837 INFO:Cannot place sell order. Current position: sell
2025-05-19 01:15:01,837 INFO:Entering while loop with trade_count: 0
2025-05-19 01:15:01,837 INFO:Combining historical data with live LTP for token=3045...
2025-05-19 01:15:01,837 INFO:Fetching latest LTP for token=3045 from database...
2025-05-19 01:15:01,920 INFO:Latest LTP fetched: {'last_update': datetime.datetime(2025, 5, 16, 14, 40, 48, 858233), 'ltp': 798.95}
2025-05-19 01:15:01,922 INFO:Generating buy/sell signals...
2025-05-19 01:15:01,922 INFO:Buy/sell signals generated successfully.
2025-05-19 01:15:01,922 INFO:Historical and live data combined successfully. [[nan], [1], [nan], [nan]]
2025-05-19 01:15:01,924 INFO:Cannot place sell order. Current position: sell
2025-05-19 01:15:01,924 INFO:Entering while loop with trade_count: 0
2025-05-19 01:15:01,924 INFO:Combining historical data with live LTP for token=3045...
2025-05-19 01:15:01,924 INFO:Fetching latest LTP for token=3045 from database...
2025-05-19 01:15:02,004 INFO:Latest LTP fetched: {'last_update': datetime.datetime(2025, 5, 16, 14, 40, 48, 858233), 'ltp': 798.95}
2025-05-19 01:15:02,006 INFO:Generating buy/sell signals...
2025-05-19 01:15:02,006 INFO:Buy/sell signals generated successfully.
2025-05-19 01:15:02,007 INFO:Historical and live data combined successfully. [[nan], [1], [nan], [nan]]
2025-05-19 01:15:02,008 INFO:Cannot place sell order. Current position: sell
2025-05-19 01:20:01,000 INFO:Entering while loop with trade_count: 0
2025-05-19 01:20:01,000 INFO:Combining historical data with live LTP for token=3045...
2025-05-19 01:20:01,000 INFO:Fetching latest LTP for token=3045 from database...
2025-05-19 01:20:01,093 INFO:Latest LTP fetched: {'last_update': datetime.datetime(2025, 5, 16, 14, 40, 48, 858233), 'ltp': 798.0}
2025-05-19 01:20:01,095 INFO:Generating buy/sell signals...
2025-05-19 01:20:01,095 INFO:Buy/sell signals generated successfully.
2025-05-19 01:20:01,096 INFO:Historical and live data combined successfully. [[nan], [1], [nan], [nan]]
2025-05-19 01:20:01,097 INFO:Cannot place sell order. Current position: sell
2025-05-19 01:20:01,097 INFO:Entering while loop with trade_count: 0
2025-05-19 01:20:01,097 INFO:Combining historical data with live LTP for token=3045...
2025-05-19 01:20:01,097 INFO:Fetching latest LTP for token=3045 from database...
2025-05-19 01:20:01,194 INFO:Latest LTP fetched: {'last_update': datetime.datetime(2025, 5, 16, 14, 40, 48, 858233), 'ltp': 798.0}
2025-05-19 01:20:01,196 INFO:Generating buy/sell signals...
2025-05-19 01:20:01,196 INFO:Buy/sell signals generated successfully.
2025-05-19 01:20:01,197 INFO:Historical and live data combined successfully. [[nan], [1], [nan], [nan]]
2025-05-19 01:20:01,198 INFO:Cannot place sell order. Current position: sell
2025-05-19 01:20:01,198 INFO:Entering while loop with trade_count: 0
2025-05-19 01:20:01,198 INFO:Combining historical data with live LTP for token=3045...
2025-05-19 01:20:01,198 INFO:Fetching latest LTP for token=3045 from database...
2025-05-19 01:20:01,289 INFO:Latest LTP fetched: {'last_update': datetime.datetime(2025, 5, 16, 14, 40, 48, 858233), 'ltp': 798.0}
2025-05-19 01:20:01,290 INFO:Generating buy/sell signals...
2025-05-19 01:20:01,291 INFO:Buy/sell signals generated successfully.
2025-05-19 01:20:01,291 INFO:Historical and live data combined successfully. [[nan], [1], [nan], [nan]]
2025-05-19 01:20:01,292 INFO:Cannot place sell order. Current position: sell
2025-05-19 01:20:01,292 INFO:Entering while loop with trade_count: 0
2025-05-19 01:20:01,292 INFO:Combining historical data with live LTP for token=3045...
2025-05-19 01:20:01,292 INFO:Fetching latest LTP for token=3045 from database...
2025-05-19 01:20:01,386 INFO:Latest LTP fetched: {'last_update': datetime.datetime(2025, 5, 16, 14, 40, 48, 858233), 'ltp': 798.0}
2025-05-19 01:20:01,388 INFO:Generating buy/sell signals...
2025-05-19 01:20:01,388 INFO:Buy/sell signals generated successfully.
2025-05-19 01:20:01,389 INFO:Historical and live data combined successfully. [[nan], [1], [nan], [nan]]
2025-05-19 01:20:01,390 INFO:Cannot place sell order. Current position: sell
2025-05-19 01:20:01,390 INFO:Entering while loop with trade_count: 0
2025-05-19 01:20:01,390 INFO:Combining historical data with live LTP for token=3045...
2025-05-19 01:20:01,390 INFO:Fetching latest LTP for token=3045 from database...
2025-05-19 01:20:01,482 INFO:Latest LTP fetched: {'last_update': datetime.datetime(2025, 5, 16, 14, 40, 48, 858233), 'ltp': 798.0}
2025-05-19 01:20:01,483 INFO:Generating buy/sell signals...
2025-05-19 01:20:01,484 INFO:Buy/sell signals generated successfully.
2025-05-19 01:20:01,484 INFO:Historical and live data combined successfully. [[nan], [1], [nan], [nan]]
2025-05-19 01:20:01,485 INFO:Cannot place sell order. Current position: sell
2025-05-19 01:20:01,485 INFO:Entering while loop with trade_count: 0
2025-05-19 01:20:01,485 INFO:Combining historical data with live LTP for token=3045...
2025-05-19 01:20:01,485 INFO:Fetching latest LTP for token=3045 from database...
2025-05-19 01:20:01,582 INFO:Latest LTP fetched: {'last_update': datetime.datetime(2025, 5, 16, 14, 40, 48, 858233), 'ltp': 798.0}
2025-05-19 01:20:01,584 INFO:Generating buy/sell signals...
2025-05-19 01:20:01,584 INFO:Buy/sell signals generated successfully.
2025-05-19 01:20:01,585 INFO:Historical and live data combined successfully. [[nan], [1], [nan], [nan]]
2025-05-19 01:20:01,586 INFO:Cannot place sell order. Current position: sell
2025-05-19 01:20:01,586 INFO:Entering while loop with trade_count: 0
2025-05-19 01:20:01,586 INFO:Combining historical data with live LTP for token=3045...
2025-05-19 01:20:01,586 INFO:Fetching latest LTP for token=3045 from database...
2025-05-19 01:20:01,682 INFO:Latest LTP fetched: {'last_update': datetime.datetime(2025, 5, 16, 14, 40, 48, 858233), 'ltp': 798.0}
2025-05-19 01:20:01,684 INFO:Generating buy/sell signals...
2025-05-19 01:20:01,684 INFO:Buy/sell signals generated successfully.
2025-05-19 01:20:01,685 INFO:Historical and live data combined successfully. [[nan], [1], [nan], [nan]]
2025-05-19 01:20:01,686 INFO:Cannot place sell order. Current position: sell
2025-05-19 01:20:01,686 INFO:Entering while loop with trade_count: 0
2025-05-19 01:20:01,686 INFO:Combining historical data with live LTP for token=3045...
2025-05-19 01:20:01,686 INFO:Fetching latest LTP for token=3045 from database...
2025-05-19 01:20:01,779 INFO:Latest LTP fetched: {'last_update': datetime.datetime(2025, 5, 16, 14, 40, 48, 858233), 'ltp': 798.0}
2025-05-19 01:20:01,781 INFO:Generating buy/sell signals...
2025-05-19 01:20:01,781 INFO:Buy/sell signals generated successfully.
2025-05-19 01:20:01,781 INFO:Historical and live data combined successfully. [[nan], [1], [nan], [nan]]
2025-05-19 01:20:01,783 INFO:Cannot place sell order. Current position: sell
2025-05-19 01:20:01,783 INFO:Entering while loop with trade_count: 0
2025-05-19 01:20:01,783 INFO:Combining historical data with live LTP for token=3045...
2025-05-19 01:20:01,783 INFO:Fetching latest LTP for token=3045 from database...
2025-05-19 01:20:01,875 INFO:Latest LTP fetched: {'last_update': datetime.datetime(2025, 5, 16, 14, 40, 48, 858233), 'ltp': 798.0}
2025-05-19 01:20:01,877 INFO:Generating buy/sell signals...
2025-05-19 01:20:01,877 INFO:Buy/sell signals generated successfully.
2025-05-19 01:20:01,878 INFO:Historical and live data combined successfully. [[nan], [1], [nan], [nan]]
2025-05-19 01:20:01,879 INFO:Cannot place sell order. Current position: sell
2025-05-19 01:20:01,879 INFO:Entering while loop with trade_count: 0
2025-05-19 01:20:01,879 INFO:Combining historical data with live LTP for token=3045...
2025-05-19 01:20:01,879 INFO:Fetching latest LTP for token=3045 from database...
2025-05-19 01:20:01,971 INFO:Latest LTP fetched: {'last_update': datetime.datetime(2025, 5, 16, 14, 40, 48, 858233), 'ltp': 798.0}
2025-05-19 01:20:01,973 INFO:Generating buy/sell signals...
2025-05-19 01:20:01,973 INFO:Buy/sell signals generated successfully.
2025-05-19 01:20:01,974 INFO:Historical and live data combined successfully. [[nan], [1], [nan], [nan]]
2025-05-19 01:20:01,975 INFO:Cannot place sell order. Current position: sell
2025-05-19 01:20:01,975 INFO:Entering while loop with trade_count: 0
2025-05-19 01:20:01,975 INFO:Combining historical data with live LTP for token=3045...
2025-05-19 01:20:01,975 INFO:Fetching latest LTP for token=3045 from database...
2025-05-19 01:20:02,069 INFO:Latest LTP fetched: {'last_update': datetime.datetime(2025, 5, 16, 14, 40, 48, 858233), 'ltp': 798.0}
2025-05-19 01:20:02,071 INFO:Generating buy/sell signals...
2025-05-19 01:20:02,071 INFO:Buy/sell signals generated successfully.
2025-05-19 01:20:02,072 INFO:Historical and live data combined successfully. [[nan], [1], [nan], [nan]]
2025-05-19 01:20:02,073 INFO:Cannot place sell order. Current position: sell
2025-05-19 01:25:01,000 INFO:Entering while loop with trade_count: 0
2025-05-19 01:25:01,000 INFO:Combining historical data with live LTP for token=3045...
2025-05-19 01:25:01,000 INFO:Fetching latest LTP for token=3045 from database...
2025-05-19 01:25:01,092 INFO:Latest LTP fetched: {'last_update': datetime.datetime(2025, 5, 16, 14, 40, 48, 858233), 'ltp': 798.0}
2025-05-19 01:25:01,094 INFO:Generating buy/sell signals...
2025-05-19 01:25:01,094 INFO:Buy/sell signals generated successfully.
2025-05-19 01:25:01,095 INFO:Historical and live data combined successfully. [[nan], [1], [nan], [nan]]
2025-05-19 01:25:01,096 INFO:Cannot place sell order. Current position: sell
2025-05-19 01:25:01,096 INFO:Entering while loop with trade_count: 0
2025-05-19 01:25:01,096 INFO:Combining historical data with live LTP for token=3045...
2025-05-19 01:25:01,096 INFO:Fetching latest LTP for token=3045 from database...
2025-05-19 01:25:01,190 INFO:Latest LTP fetched: {'last_update': datetime.datetime(2025, 5, 16, 14, 40, 48, 858233), 'ltp': 798.0}
2025-05-19 01:25:01,192 INFO:Generating buy/sell signals...
2025-05-19 01:25:01,192 INFO:Buy/sell signals generated successfully.
2025-05-19 01:25:01,192 INFO:Historical and live data combined successfully. [[nan], [1], [nan], [nan]]
2025-05-19 01:25:01,194 INFO:Cannot place sell order. Current position: sell
2025-05-19 01:25:01,194 INFO:Entering while loop with trade_count: 0
2025-05-19 01:25:01,194 INFO:Combining historical data with live LTP for token=3045...
2025-05-19 01:25:01,194 INFO:Fetching latest LTP for token=3045 from database...
2025-05-19 01:25:01,288 INFO:Latest LTP fetched: {'last_update': datetime.datetime(2025, 5, 16, 14, 40, 48, 858233), 'ltp': 798.0}
2025-05-19 01:25:01,290 INFO:Generating buy/sell signals...
2025-05-19 01:25:01,290 INFO:Buy/sell signals generated successfully.
2025-05-19 01:25:01,290 INFO:Historical and live data combined successfully. [[nan], [1], [nan], [nan]]
2025-05-19 01:25:01,292 INFO:Cannot place sell order. Current position: sell
2025-05-19 01:25:01,292 INFO:Entering while loop with trade_count: 0
2025-05-19 01:25:01,292 INFO:Combining historical data with live LTP for token=3045...
2025-05-19 01:25:01,292 INFO:Fetching latest LTP for token=3045 from database...
2025-05-19 01:25:01,384 INFO:Latest LTP fetched: {'last_update': datetime.datetime(2025, 5, 16, 14, 40, 48, 858233), 'ltp': 798.0}
2025-05-19 01:25:01,385 INFO:Generating buy/sell signals...
2025-05-19 01:25:01,386 INFO:Buy/sell signals generated successfully.
2025-05-19 01:25:01,386 INFO:Historical and live data combined successfully. [[nan], [1], [nan], [nan]]
2025-05-19 01:25:01,387 INFO:Cannot place sell order. Current position: sell
2025-05-19 01:25:01,387 INFO:Entering while loop with trade_count: 0
2025-05-19 01:25:01,387 INFO:Combining historical data with live LTP for token=3045...
2025-05-19 01:25:01,387 INFO:Fetching latest LTP for token=3045 from database...
2025-05-19 01:25:01,481 INFO:Latest LTP fetched: {'last_update': datetime.datetime(2025, 5, 16, 14, 40, 48, 858233), 'ltp': 798.0}
2025-05-19 01:25:01,482 INFO:Generating buy/sell signals...
2025-05-19 01:25:01,483 INFO:Buy/sell signals generated successfully.
2025-05-19 01:25:01,483 INFO:Historical and live data combined successfully. [[nan], [1], [nan], [nan]]
2025-05-19 01:25:01,484 INFO:Cannot place sell order. Current position: sell
2025-05-19 01:25:01,484 INFO:Entering while loop with trade_count: 0
2025-05-19 01:25:01,484 INFO:Combining historical data with live LTP for token=3045...
2025-05-19 01:25:01,484 INFO:Fetching latest LTP for token=3045 from database...
2025-05-19 01:25:01,577 INFO:Latest LTP fetched: {'last_update': datetime.datetime(2025, 5, 16, 14, 40, 48, 858233), 'ltp': 798.0}
2025-05-19 01:25:01,579 INFO:Generating buy/sell signals...
2025-05-19 01:25:01,579 INFO:Buy/sell signals generated successfully.
2025-05-19 01:25:01,580 INFO:Historical and live data combined successfully. [[nan], [1], [nan], [nan]]
2025-05-19 01:25:01,581 INFO:Cannot place sell order. Current position: sell
2025-05-19 01:25:01,581 INFO:Entering while loop with trade_count: 0
2025-05-19 01:25:01,581 INFO:Combining historical data with live LTP for token=3045...
2025-05-19 01:25:01,581 INFO:Fetching latest LTP for token=3045 from database...
2025-05-19 01:25:01,676 INFO:Latest LTP fetched: {'last_update': datetime.datetime(2025, 5, 16, 14, 40, 48, 858233), 'ltp': 798.0}
2025-05-19 01:25:01,678 INFO:Generating buy/sell signals...
2025-05-19 01:25:01,678 INFO:Buy/sell signals generated successfully.
2025-05-19 01:25:01,679 INFO:Historical and live data combined successfully. [[nan], [1], [nan], [nan]]
2025-05-19 01:25:01,680 INFO:Cannot place sell order. Current position: sell
2025-05-19 01:25:01,680 INFO:Entering while loop with trade_count: 0
2025-05-19 01:25:01,680 INFO:Combining historical data with live LTP for token=3045...
2025-05-19 01:25:01,680 INFO:Fetching latest LTP for token=3045 from database...
2025-05-19 01:25:01,775 INFO:Latest LTP fetched: {'last_update': datetime.datetime(2025, 5, 16, 14, 40, 48, 858233), 'ltp': 798.0}
2025-05-19 01:25:01,777 INFO:Generating buy/sell signals...
2025-05-19 01:25:01,777 INFO:Buy/sell signals generated successfully.
2025-05-19 01:25:01,778 INFO:Historical and live data combined successfully. [[nan], [1], [nan], [nan]]
2025-05-19 01:25:01,779 INFO:Cannot place sell order. Current position: sell
2025-05-19 01:25:01,779 INFO:Entering while loop with trade_count: 0
2025-05-19 01:25:01,779 INFO:Combining historical data with live LTP for token=3045...
2025-05-19 01:25:01,779 INFO:Fetching latest LTP for token=3045 from database...
2025-05-19 01:25:01,874 INFO:Latest LTP fetched: {'last_update': datetime.datetime(2025, 5, 16, 14, 40, 48, 858233), 'ltp': 798.0}
2025-05-19 01:25:01,876 INFO:Generating buy/sell signals...
2025-05-19 01:25:01,876 INFO:Buy/sell signals generated successfully.
2025-05-19 01:25:01,876 INFO:Historical and live data combined successfully. [[nan], [1], [nan], [nan]]
2025-05-19 01:25:01,878 INFO:Cannot place sell order. Current position: sell
2025-05-19 01:25:01,878 INFO:Entering while loop with trade_count: 0
2025-05-19 01:25:01,878 INFO:Combining historical data with live LTP for token=3045...
2025-05-19 01:25:01,878 INFO:Fetching latest LTP for token=3045 from database...
2025-05-19 01:25:01,972 INFO:Latest LTP fetched: {'last_update': datetime.datetime(2025, 5, 16, 14, 40, 48, 858233), 'ltp': 798.0}
2025-05-19 01:25:01,974 INFO:Generating buy/sell signals...
2025-05-19 01:25:01,974 INFO:Buy/sell signals generated successfully.
2025-05-19 01:25:01,975 INFO:Historical and live data combined successfully. [[nan], [1], [nan], [nan]]
2025-05-19 01:25:01,976 INFO:Cannot place sell order. Current position: sell
2025-05-19 01:25:01,976 INFO:Entering while loop with trade_count: 0
2025-05-19 01:25:01,976 INFO:Combining historical data with live LTP for token=3045...
2025-05-19 01:25:01,976 INFO:Fetching latest LTP for token=3045 from database...
2025-05-19 01:25:02,069 INFO:Latest LTP fetched: {'last_update': datetime.datetime(2025, 5, 16, 14, 40, 48, 858233), 'ltp': 798.0}
2025-05-19 01:25:02,071 INFO:Generating buy/sell signals...
2025-05-19 01:25:02,071 INFO:Buy/sell signals generated successfully.
2025-05-19 01:25:02,072 INFO:Historical and live data combined successfully. [[nan], [1], [nan], [nan]]
2025-05-19 01:25:02,073 INFO:Cannot place sell order. Current position: sell
2025-05-19 01:30:01,000 INFO:Entering while loop with trade_count: 0
2025-05-19 01:30:01,000 INFO:Combining historical data with live LTP for token=3045...
2025-05-19 01:30:01,000 INFO:Fetching latest LTP for token=3045 from database...
2025-05-19 01:30:01,093 INFO:Latest LTP fetched: {'last_update': datetime.datetime(2025, 5, 16, 14, 40, 48, 858233), 'ltp': 798.0}
2025-05-19 01:30:01,094 INFO:Generating buy/sell signals...
2025-05-19 01:30:01,094 INFO:Buy/sell signals generated successfully.
2025-05-19 01:30:01,095 INFO:Historical and live data combined successfully. [[nan], [1], [nan], [nan]]
2025-05-19 01:30:01,096 INFO:Cannot place sell order. Current position: sell
2025-05-19 01:30:01,096 INFO:Entering while loop with trade_count: 0
2025-05-19 01:30:01,096 INFO:Combining historical data with live LTP for token=3045...
2025-05-19 01:30:01,096 INFO:Fetching latest LTP for token=3045 from database...
2025-05-19 01:30:01,191 INFO:Latest LTP fetched: {'last_update': datetime.datetime(2025, 5, 16, 14, 40, 48, 858233), 'ltp': 798.0}
2025-05-19 01:30:01,193 INFO:Generating buy/sell signals...
2025-05-19 01:30:01,193 INFO:Buy/sell signals generated successfully.
2025-05-19 01:30:01,193 INFO:Historical and live data combined successfully. [[nan], [1], [nan], [nan]]
2025-05-19 01:30:01,194 INFO:Cannot place sell order. Current position: sell
2025-05-19 01:30:01,194 INFO:Entering while loop with trade_count: 0
2025-05-19 01:30:01,194 INFO:Combining historical data with live LTP for token=3045...
2025-05-19 01:30:01,194 INFO:Fetching latest LTP for token=3045 from database...
2025-05-19 01:30:01,286 INFO:Latest LTP fetched: {'last_update': datetime.datetime(2025, 5, 16, 14, 40, 48, 858233), 'ltp': 798.0}
2025-05-19 01:30:01,288 INFO:Generating buy/sell signals...
2025-05-19 01:30:01,288 INFO:Buy/sell signals generated successfully.
2025-05-19 01:30:01,289 INFO:Historical and live data combined successfully. [[nan], [1], [nan], [nan]]
2025-05-19 01:30:01,290 INFO:Cannot place sell order. Current position: sell
2025-05-19 01:30:01,290 INFO:Entering while loop with trade_count: 0
2025-05-19 01:30:01,290 INFO:Combining historical data with live LTP for token=3045...
2025-05-19 01:30:01,290 INFO:Fetching latest LTP for token=3045 from database...
2025-05-19 01:30:01,384 INFO:Latest LTP fetched: {'last_update': datetime.datetime(2025, 5, 16, 14, 40, 48, 858233), 'ltp': 798.0}
2025-05-19 01:30:01,386 INFO:Generating buy/sell signals...
2025-05-19 01:30:01,386 INFO:Buy/sell signals generated successfully.
2025-05-19 01:30:01,386 INFO:Historical and live data combined successfully. [[nan], [1], [nan], [nan]]
2025-05-19 01:30:01,387 INFO:Cannot place sell order. Current position: sell
2025-05-19 01:30:01,388 INFO:Entering while loop with trade_count: 0
2025-05-19 01:30:01,388 INFO:Combining historical data with live LTP for token=3045...
2025-05-19 01:30:01,388 INFO:Fetching latest LTP for token=3045 from database...
2025-05-19 01:30:01,483 INFO:Latest LTP fetched: {'last_update': datetime.datetime(2025, 5, 16, 14, 40, 48, 858233), 'ltp': 798.0}
2025-05-19 01:30:01,484 INFO:Generating buy/sell signals...
2025-05-19 01:30:01,485 INFO:Buy/sell signals generated successfully.
2025-05-19 01:30:01,485 INFO:Historical and live data combined successfully. [[nan], [1], [nan], [nan]]
2025-05-19 01:30:01,486 INFO:Cannot place sell order. Current position: sell
2025-05-19 01:30:01,486 INFO:Entering while loop with trade_count: 0
2025-05-19 01:30:01,487 INFO:Combining historical data with live LTP for token=3045...
2025-05-19 01:30:01,487 INFO:Fetching latest LTP for token=3045 from database...
2025-05-19 01:30:01,576 INFO:Latest LTP fetched: {'last_update': datetime.datetime(2025, 5, 16, 14, 40, 48, 858233), 'ltp': 798.0}
2025-05-19 01:30:01,578 INFO:Generating buy/sell signals...
2025-05-19 01:30:01,578 INFO:Buy/sell signals generated successfully.
2025-05-19 01:30:01,579 INFO:Historical and live data combined successfully. [[nan], [1], [nan], [nan]]
2025-05-19 01:30:01,580 INFO:Cannot place sell order. Current position: sell
2025-05-19 01:30:01,580 INFO:Entering while loop with trade_count: 0
2025-05-19 01:30:01,580 INFO:Combining historical data with live LTP for token=3045...
2025-05-19 01:30:01,580 INFO:Fetching latest LTP for token=3045 from database...
2025-05-19 01:30:01,676 INFO:Latest LTP fetched: {'last_update': datetime.datetime(2025, 5, 16, 14, 40, 48, 858233), 'ltp': 798.0}
2025-05-19 01:30:01,677 INFO:Generating buy/sell signals...
2025-05-19 01:30:01,677 INFO:Buy/sell signals generated successfully.
2025-05-19 01:30:01,678 INFO:Historical and live data combined successfully. [[nan], [1], [nan], [nan]]
2025-05-19 01:30:01,679 INFO:Cannot place sell order. Current position: sell
2025-05-19 01:30:01,679 INFO:Entering while loop with trade_count: 0
2025-05-19 01:30:01,679 INFO:Combining historical data with live LTP for token=3045...
2025-05-19 01:30:01,679 INFO:Fetching latest LTP for token=3045 from database...
2025-05-19 01:30:01,774 INFO:Latest LTP fetched: {'last_update': datetime.datetime(2025, 5, 16, 14, 40, 48, 858233), 'ltp': 798.0}
2025-05-19 01:30:01,776 INFO:Generating buy/sell signals...
2025-05-19 01:30:01,776 INFO:Buy/sell signals generated successfully.
2025-05-19 01:30:01,777 INFO:Historical and live data combined successfully. [[nan], [1], [nan], [nan]]
2025-05-19 01:30:01,778 INFO:Cannot place sell order. Current position: sell
2025-05-19 01:30:01,778 INFO:Entering while loop with trade_count: 0
2025-05-19 01:30:01,778 INFO:Combining historical data with live LTP for token=3045...
2025-05-19 01:30:01,778 INFO:Fetching latest LTP for token=3045 from database...
2025-05-19 01:30:01,870 INFO:Latest LTP fetched: {'last_update': datetime.datetime(2025, 5, 16, 14, 40, 48, 858233), 'ltp': 798.0}
2025-05-19 01:30:01,872 INFO:Generating buy/sell signals...
2025-05-19 01:30:01,872 INFO:Buy/sell signals generated successfully.
2025-05-19 01:30:01,872 INFO:Historical and live data combined successfully. [[nan], [1], [nan], [nan]]
2025-05-19 01:30:01,874 INFO:Cannot place sell order. Current position: sell
2025-05-19 01:30:01,874 INFO:Entering while loop with trade_count: 0
2025-05-19 01:30:01,874 INFO:Combining historical data with live LTP for token=3045...
2025-05-19 01:30:01,874 INFO:Fetching latest LTP for token=3045 from database...
2025-05-19 01:30:01,968 INFO:Latest LTP fetched: {'last_update': datetime.datetime(2025, 5, 16, 14, 40, 48, 858233), 'ltp': 798.0}
2025-05-19 01:30:01,969 INFO:Generating buy/sell signals...
2025-05-19 01:30:01,970 INFO:Buy/sell signals generated successfully.
2025-05-19 01:30:01,970 INFO:Historical and live data combined successfully. [[nan], [1], [nan], [nan]]
2025-05-19 01:30:01,971 INFO:Cannot place sell order. Current position: sell
2025-05-19 01:30:01,971 INFO:Entering while loop with trade_count: 0
2025-05-19 01:30:01,971 INFO:Combining historical data with live LTP for token=3045...
2025-05-19 01:30:01,971 INFO:Fetching latest LTP for token=3045 from database...
2025-05-19 01:30:02,067 INFO:Latest LTP fetched: {'last_update': datetime.datetime(2025, 5, 16, 14, 40, 48, 858233), 'ltp': 798.0}
2025-05-19 01:30:02,068 INFO:Generating buy/sell signals...
2025-05-19 01:30:02,069 INFO:Buy/sell signals generated successfully.
2025-05-19 01:30:02,069 INFO:Historical and live data combined successfully. [[nan], [1], [nan], [nan]]
2025-05-19 01:30:02,070 INFO:Cannot place sell order. Current position: sell
2025-05-19 14:15:16,197 INFO:Authenticating with Angel One API...
2025-05-19 14:15:16,658 INFO:Authentication successful.
2025-05-19 14:15:16,658 INFO:Fetching historical data for symboltoken=3045, interval=FIVE_MINUTE
2025-05-19 14:15:16,808 INFO:Historical data fetched and saved to historical_data.csv.
2025-05-19 14:16:01,345 INFO:Authenticating with Angel One API...
2025-05-19 14:16:01,787 INFO:Authentication successful.
2025-05-19 14:16:01,789 INFO:Fetching historical data for symboltoken=3045, interval=FIVE_MINUTE
2025-05-19 14:16:01,929 INFO:Historical data fetched and saved to historical_data.csv.
2025-05-19 14:23:12,781 INFO:Authenticating with Angel One API...
2025-05-19 14:23:13,253 INFO:Authentication successful.
2025-05-19 14:23:13,255 INFO:Fetching historical data for symboltoken=3045, interval=FIVE_MINUTE
2025-05-19 14:23:13,405 INFO:Historical data fetched and saved to historical_data.csv.
2025-05-19 14:23:48,574 INFO:Authenticating with Angel One API...
2025-05-19 14:23:49,006 INFO:Authentication successful.
2025-05-19 14:23:49,006 INFO:Fetching historical data for symboltoken=3045, interval=FIVE_MINUTE
2025-05-19 14:23:49,139 INFO:Historical data fetched and saved to historical_data.csv.
2025-05-19 17:17:16,039 INFO:Authenticating with Angel One API...
2025-05-19 17:17:16,605 INFO:Authentication successful.
2025-05-19 17:17:16,605 INFO:Fetching historical data for symboltoken=3045, interval=FIVE_MINUTE
2025-05-19 17:17:16,807 INFO:Historical data fetched and saved to historical_data.csv.
2025-05-19 17:33:53,155 INFO:Authenticating with Angel One API...
2025-05-19 17:33:53,845 INFO:Authentication successful.
2025-05-19 17:33:53,845 INFO:Fetching historical data for symboltoken=3045, interval=FIVE_MINUTE
2025-05-19 17:33:54,064 INFO:Historical data fetched and saved to historical_data.csv.
2025-05-19 17:34:52,786 INFO:Authenticating with Angel One API...
2025-05-19 17:34:53,356 INFO:Authentication successful.
2025-05-19 17:34:53,357 INFO:Fetching historical data for symboltoken=3045, interval=FIVE_MINUTE
2025-05-19 17:34:53,556 INFO:Historical data fetched and saved to historical_data.csv.
2025-05-19 17:35:55,167 INFO:Authenticating with Angel One API...
2025-05-19 17:35:55,660 INFO:Authentication successful.
2025-05-19 17:35:55,660 INFO:Fetching historical data for symboltoken=3045, interval=FIVE_MINUTE
2025-05-19 17:35:55,837 INFO:Historical data fetched and saved to historical_data.csv.
2025-05-19 17:37:15,400 INFO:Authenticating with Angel One API...
2025-05-19 17:37:16,134 INFO:Authentication successful.
2025-05-19 17:37:16,137 INFO:Fetching historical data for symboltoken=3045, interval=FIVE_MINUTE
2025-05-19 17:37:16,359 INFO:Historical data fetched and saved to historical_data.csv.
